<?xml version="1.0" encoding="UTF-8" ?>
<stations area_id="JP13" area_name="TOKYO JAPAN">
  <station><id>TBS</id>
  <name>TBSラジオ</name>
  <ascii_name>TBS RADIO</ascii_name>
  <ruby>てぃーびーえすらじお</ruby>
  <areafree>1</areafree>
  <timefree>1</timefree>
  <logo width="224" height="100" align="lrtrim">https://radiko.jp/v2/static/station/logo/TBS/lrtrim/224x100.png</logo>
  <logo width="258" height="60" align="lrtrim">https://radiko.jp/v2/static/station/logo/TBS/lrtrim/258x60.png</logo>
  <logo width="448" height="200" align="lrtrim">https://radiko.jp/v2/static/station/logo/TBS/lrtrim/448x200.png</logo>
  <logo width="688" height="160" align="lrtrim">https://radiko.jp/v2/static/station/logo/TBS/lrtrim/688x160.png</logo>
  <logo width="224" height="100" align="center">https://radiko.jp/v2/static/station/logo/TBS/224x100.png</logo>
  <logo width="258" height="60" align="center">https://radiko.jp/v2/static/station/logo/TBS/258x60.png</logo>
  <logo width="448" height="200" align="center">https://radiko.jp/v2/static/station/logo/TBS/448x200.png</logo>
  <logo width="688" height="160" align="center">https://radiko.jp/v2/static/station/logo/TBS/688x160.png</logo>
  <banner>https://radiko.jp/res/banner/TBS/20200331114320.jpg</banner>
  <href>https://www.tbsradio.jp/</href>
  <simul_max_delay>15</simul_max_delay>
  <tf_max_delay>90</tf_max_delay>
  </station>
</stations>
