<?xml version="1.0" encoding="UTF-8"?>
<radiko>
	<ttl>1800</ttl>
	<srvtime>1716926701</srvtime>
	<stations>


		<station id="FMT">
			<name>TOKYO FM</name>


			<progs>
				<date>20240521</date>

				<prog id="9945977" master_id="" ft="20240521050000" to="20240521053000" ftl="0500" tol="0530" dur="1800">
					<title>Memories＆Discoveries</title>
					<url>https://audee.jp/program/show/27337</url>
					<url_link></url_link>
					<failed_record>0</failed_record>
					<ts_in_ng>0</ts_in_ng>
					<ts_out_ng>0</ts_out_ng>
					<desc></desc>
					<info>&lt;div class=&quot;station_content_description &quot;&gt;&lt;table border=&quot;0&quot; cellpadding=&quot;5&quot; &gt;  &lt;tr&gt;      &lt;td style=&quot;padding: 5px;&quot;&gt;&lt;img src=&quot;https://pms-next-prod-api-program.s3.ap-northeast-1.amazonaws.com/image/person/8adc510c-b729-4f1f-bdb4-fd8f627b6fba_sq.jpg&quot; height=&quot;60&quot; width=&quot;60&quot; alt=&quot;山田花子&quot;&gt;&lt;/td&gt;  &lt;/tr&gt;&lt;/table&gt;&lt;br /&gt;&lt;br /&gt;	【28時台】&lt;br /&gt;◇Today&apos;s Playlist&lt;br /&gt;カノエラナさんが&lt;br /&gt;「早起きは三文の徳」をテーマにセレクト！&lt;br /&gt;&lt;br /&gt;【29時台】&lt;br /&gt;◇Classic Playlist&lt;br /&gt;クラシックライター・板倉重雄さんが&lt;br /&gt;「バレエ音楽の神様」というテーマで選曲。&lt;br /&gt;&lt;br /&gt;第一線で活躍するミュージシャン、著名クリエイター、文化人が、それぞれのリコメンド楽曲で素敵な音楽空間をプロデュース。懐かしさを感じるナンバー、新たな出会いとなるようなナンバー等、幅広い世代に、時代を超えた邦・洋楽の名曲をお届け！ &lt;br /&gt;&lt;br /&gt;	番組Webサイト：&lt;a href=&quot;https://audee.jp/program/show/27337&quot;&gt;https://audee.jp/program/show/27337&lt;/a&gt;&lt;br /&gt;	メッセージフォーム：&lt;a href=&quot;https://form.audee.jp/memories/message&quot;&gt;https://form.audee.jp/memories/message&lt;/a&gt;&lt;br /&gt;&lt;br /&gt;&lt;/div&gt;</info>
					<pfm>山田花子</pfm>
					<img>https://program-static.cf.radiko.jp/acw23umv4n.jpg</img>
					<tag>
						<item>
							<name>山田花子</name>
						</item>
						<item>
							<name>人気声優出演</name>
						</item>
					</tag>
					<genre>
						<personality id="C006">
							<name>女性声優</name>
						</personality>
						<program id="P005">
							<name>音楽</name>
						</program>
					</genre>
					<metas>
						<meta name="twitter" value="#radiko" />
					</metas>
				</prog>

			</progs>


		</station>

	</stations>
</radiko>

